<?xml version="1.0" encoding="UTF-8"?>
<!-- Generated by org.testng.reporters.JUnitReportReporter -->
<testsuite hostname="DESKTOP-93K3C4K" failures="0" tests="1" name="org.selenium.testngcommands.Commands" time="74.736" errors="0" timestamp="2024-08-06T20:22:51 IST" skipped="0">
  <testcase classname="org.selenium.testngcommands.Commands" name="verifyWaitCommands" time="74.736"/>
</testsuite> <!-- org.selenium.testngcommands.Commands -->
