<?xml version="1.0" encoding="UTF-8"?>
<!-- Generated by org.testng.reporters.JUnitReportReporter -->
<testsuite hostname="DESKTOP-93K3C4K" failures="0" tests="4" name="testScripts.LoginPageTest" time="55.722" errors="0" timestamp="2024-08-24T02:16:31 IST" skipped="0">
  <testcase classname="testScripts.LoginPageTest" name="userLoginWithinvalidCredentials" time="11.785"/>
  <testcase classname="testScripts.LoginPageTest" name="userLoginWithinvalidCredentials" time="11.997"/>
  <testcase classname="testScripts.LoginPageTest" name="userLoginWithVAlidCredentials" time="19.119"/>
  <testcase classname="testScripts.LoginPageTest" name="userLoginWithinvalidCredentials" time="12.821"/>
</testsuite> <!-- testScripts.LoginPageTest -->
