<?xml version="1.0" encoding="UTF-8"?>
<!-- Generated by org.testng.reporters.JUnitReportReporter -->
<testsuite hostname="DESKTOP-93K3C4K" failures="0" tests="2" name="testScripts.HomePageTest" time="36.846" errors="0" timestamp="2024-09-01T03:46:26 IST" skipped="0">
  <testcase classname="testScripts.HomePageTest" name="verifyHomePageTitle" time="13.264"/>
  <testcase classname="testScripts.HomePageTest" name="verifyCommunityPollSelection" time="23.582"/>
</testsuite> <!-- testScripts.HomePageTest -->
